<?xml version="1.0" encoding="UTF-8"?>
<!-- Generated by org.testng.reporters.JUnitReportReporter -->
<testsuite skipped="0" hostname="DESKTOP-JIPFL18" name="com.Efc.Driverfactory.Testefc" tests="1" failures="0" timestamp="2019-12-13T11:48:26 IST" time="0.030" errors="0">
  <testcase name="AppTest" time="0.030" classname="com.Efc.Driverfactory.Testefc"/>
</testsuite> <!-- com.Efc.Driverfactory.Testefc -->
