<?xml version="1.0" encoding="UTF-8"?>
<!-- Generated by org.testng.reporters.JUnitReportReporter -->
<testsuite skipped="0" hostname="DESKTOP-JIPFL18" name="com.Efc.Functionlib.Testcases" tests="2" failures="0" timestamp="2019-12-18T10:36:07 IST" time="8.744" errors="0">
  <testcase name="Login" time="2.745" classname="com.Efc.Functionlib.Testcases"/>
  <testcase name="clientCreation" time="5.999" classname="com.Efc.Functionlib.Testcases"/>
</testsuite> <!-- com.Efc.Functionlib.Testcases -->
