<?xml version="1.0" encoding="UTF-8"?>
<!-- Generated by org.testng.reporters.JUnitReportReporter -->
<testsuite skipped="0" hostname="DESKTOP-JIPFL18" name="Testingdemo.TestApp" tests="1" failures="0" timestamp="2019-12-11T14:33:49 IST" time="44.631" errors="0">
  <testcase name="Login" time="44.631" classname="Testingdemo.TestApp"/>
</testsuite> <!-- Testingdemo.TestApp -->
